0 info it worked if it ends with ok
1 verbose cli [ 'node',
1 verbose cli   '/usr/local/bin/npm',
1 verbose cli   'completion',
1 verbose cli   '--',
1 verbose cli   'npm',
1 verbose cli   'install',
1 verbose cli   '-g',
1 verbose cli   'yo',
1 verbose cli   'generator-hubot',
1 verbose cli   '' ]
2 info using npm@1.4.23
3 info using node@v0.10.31
4 verbose registry.get https://registry.npmjs.org/-/short not expired, no request
5 error TypeError: Object #<Object> has no method 'match'
5 error     at escape (/usr/local/lib/node_modules/npm/lib/completion.js:185:10)
5 error     at /usr/local/lib/node_modules/npm/lib/completion.js:199:14
5 error     at Array.map (native)
5 error     at /usr/local/lib/node_modules/npm/lib/completion.js:197:19
5 error     at /usr/local/lib/node_modules/npm/lib/install.js:40:35
5 error     at RegClient.get_ (/usr/local/lib/node_modules/npm/node_modules/npm-registry-client/lib/get.js:130:14)
5 error     at RegClient.<anonymous> (/usr/local/lib/node_modules/npm/node_modules/npm-registry-client/lib/get.js:49:12)
5 error     at evalmachine.<anonymous>:271:14
5 error     at /usr/local/lib/node_modules/npm/node_modules/graceful-fs/graceful-fs.js:102:5
5 error     at Object.oncomplete (evalmachine.<anonymous>:107:15)
6 error If you need help, you may report this *entire* log,
6 error including the npm and node versions, at:
6 error     <http://github.com/npm/npm/issues>
7 error System Darwin 16.4.0
8 error command "node" "/usr/local/bin/npm" "completion" "--" "npm" "install" "-g" "yo" "generator-hubot" ""
9 error cwd /Applications/MAMP/htdocs
10 error node -v v0.10.31
11 error npm -v 1.4.23
12 error type undefined_method
13 verbose exit [ 1, true ]
